<?xml version="1.0" encoding="UTF-8"?>
<testng-results ignored="0" total="4" passed="4"
	failed="0" skipped="0">
	<reporter-output>
	</reporter-output>
	<suite started-at="2025-02-04T16:57:44 IST" name="Default suite"
		finished-at="2025-02-04T16:58:15 IST" duration-ms="30997">
		<groups>
			<group name="cucumber">
				<method
					signature="AbstractTestNGCucumberTests.runScenario(io.cucumber.testng.PickleWrapper,io.cucumber.testng.FeatureWrapper)[pri:0, instance:org03.runner.TestRunner@4145bad8]"
					name="runScenario"
					class="io.cucumber.testng.AbstractTestNGCucumberTests" />
			</group> <!-- cucumber -->
		</groups>
		<test started-at="2025-02-04T16:57:44 IST" name="Default test"
			finished-at="2025-02-04T16:58:15 IST" duration-ms="30997">
			<class name="org03.runner.TestRunner">
				<test-method is-config="true"
					signature="setUpClass()[pri:0, instance:org03.runner.TestRunner@4145bad8]"
					started-at="2025-02-04T16:57:44 IST" name="setUpClass"
					finished-at="2025-02-04T16:57:45 IST" duration-ms="770"
					status="PASS">
					<reporter-output>
					</reporter-output>
				</test-method> <!-- setUpClass -->
				<test-method
					signature="runScenario(io.cucumber.testng.PickleWrapper,io.cucumber.testng.FeatureWrapper)[pri:0, instance:org03.runner.TestRunner@4145bad8]"
					started-at="2025-02-04T16:57:45 IST" name="runScenario"
					description="Runs Cucumber Scenarios" data-provider="scenarios"
					finished-at="2025-02-04T16:57:57 IST" duration-ms="12365"
					status="PASS">
					<params>
						<param index="0">
							<value>
                <![CDATA[""]]>
							</value>
						</param>
						<param index="1">
							<value>
                <![CDATA["Optional[Validating order placement in tricentis application]"]]>
							</value>
						</param>
					</params>
					<reporter-output>
					</reporter-output>
				</test-method> <!-- runScenario -->
				<test-method
					signature="runScenario(io.cucumber.testng.PickleWrapper,io.cucumber.testng.FeatureWrapper)[pri:0, instance:org03.runner.TestRunner@4145bad8]"
					started-at="2025-02-04T16:57:57 IST" name="runScenario"
					description="Runs Cucumber Scenarios" data-provider="scenarios"
					finished-at="2025-02-04T16:58:05 IST" duration-ms="7984"
					status="PASS">
					<params>
						<param index="0">
							<value>
                <![CDATA["Check product in cart"]]>
							</value>
						</param>
						<param index="1">
							<value>
                <![CDATA["Optional[Validating order placement in tricentis application]"]]>
							</value>
						</param>
					</params>
					<reporter-output>
					</reporter-output>
				</test-method> <!-- runScenario -->
				<test-method
					signature="runScenario(io.cucumber.testng.PickleWrapper,io.cucumber.testng.FeatureWrapper)[pri:0, instance:org03.runner.TestRunner@4145bad8]"
					started-at="2025-02-04T16:58:05 IST" name="runScenario"
					description="Runs Cucumber Scenarios" data-provider="scenarios"
					finished-at="2025-02-04T16:58:07 IST" duration-ms="1670"
					status="PASS">
					<params>
						<param index="0">
							<value>
                <![CDATA["Check Payment Options"]]>
							</value>
						</param>
						<param index="1">
							<value>
                <![CDATA["Optional[Validating order placement in tricentis application]"]]>
							</value>
						</param>
					</params>
					<reporter-output>
					</reporter-output>
				</test-method> <!-- runScenario -->
				<test-method
					signature="runScenario(io.cucumber.testng.PickleWrapper,io.cucumber.testng.FeatureWrapper)[pri:0, instance:org03.runner.TestRunner@4145bad8]"
					started-at="2025-02-04T16:58:07 IST" name="runScenario"
					description="Runs Cucumber Scenarios" data-provider="scenarios"
					finished-at="2025-02-04T16:58:11 IST" duration-ms="4006"
					status="PASS">
					<params>
						<param index="0">
							<value>
                <![CDATA["Place order"]]>
							</value>
						</param>
						<param index="1">
							<value>
                <![CDATA["Optional[Validating order placement in tricentis application]"]]>
							</value>
						</param>
					</params>
					<reporter-output>
					</reporter-output>
				</test-method> <!-- runScenario -->
				<test-method is-config="true"
					signature="tearDownClass()[pri:0, instance:org03.runner.TestRunner@4145bad8]"
					started-at="2025-02-04T16:58:11 IST" name="tearDownClass"
					finished-at="2025-02-04T16:58:15 IST" duration-ms="4123"
					status="PASS">
					<reporter-output>
					</reporter-output>
				</test-method> <!-- tearDownClass -->
			</class> <!-- org03.runner.TestRunner -->
		</test> <!-- Default test -->
	</suite> <!-- Default suite -->
</testng-results>
