<?xml version="1.0" encoding="UTF-8"?>
<!-- Generated by org.testng.reporters.JUnitXMLReporter -->
<testsuite ignored="0" hostname="DESKTOP-DE53235" failures="0" tests="3" name="Default test" time="63.991" errors="0" timestamp="2024-12-24T17:11:19 IST">
  <testcase classname="org19.annotaionsBasics.OrangeHRMBAMethod" name="testPIMCreation" time="6.89"/>
  <testcase classname="org19.annotaionsBasics.OrangeHRMBAMethod" name="testPIMUpdate" time="12.584"/>
  <testcase classname="org19.annotaionsBasics.OrangeHRMBAMethod" name="testPIMDelete" time="9.748"/>
</testsuite> <!-- Default test -->
