<?xml version="1.0" encoding="UTF-8"?>
<testsuite xmlns:xsi="http://www.w3.org/2001/XMLSchema-instance" xsi:noNamespaceSchemaLocation="https://maven.apache.org/surefire/maven-surefire-plugin/xsd/surefire-test-report-3.0.xsd" version="3.0" name="TestSuite" time="30.804" tests="3" errors="0" skipped="0" failures="0">
  <properties>
[...]
</properties>
  <testcase name="runScenario[&quot;Searching Selenium Interview Question in google&quot;, &quot;Optional[Testing Google search functionality]&quot;](1)" classname="org03.runner.TestRunner" time="10.823">
    <system-out><![CDATA[I am in onStart method TestTricentis
I am in onTestStart method runScenario start

Scenario Outline: Searching Selenium Interview Question in google                           # src/test/resources/features/GoogleSearch.feature:18
  Given User is on google search page                                                       # org01.stepDefination.GoogleSearchStepDef.user_is_on_google_search_page()
  When User types Selenium Interview Question in the search input field in google           # org01.stepDefination.GoogleSearchStepDef.searchRequiredText(java.lang.String)
  And user pressed enter button                                                             # org01.stepDefination.GoogleSearchStepDef.user_pressed_enter_button()
  Then User should to navigate search page with title Selenium Interview Question on google # org01.stepDefination.GoogleSearchStepDef.validateResultPageTitle(java.lang.String)
  And Close the browser                                                                     # org01.stepDefination.GoogleSearchStepDef.close_the_browser()
]]></system-out>
    <system-err><![CDATA[Jan 12, 2025 5:18:17 PM org.openqa.selenium.devtools.CdpVersionFinder findNearestMatch
WARNING: Unable to find CDP implementation matching 131
Jan 12, 2025 5:18:17 PM org.openqa.selenium.chromium.ChromiumDriver lambda$new$5
WARNING: Unable to find version of CDP to use for 131.0.2903.112. You may need to include a dependency on a specific version of the CDP using something similar to `org.seleniumhq.selenium:selenium-devtools-v86:4.16.1` where the version ("v86") matches the version of the chromium-based browser you're using and the version number of the artifact is the same as Selenium's.
]]></system-err>
  </testcase>
  <testcase name="runScenario[&quot;Searching Manual Interview Question in google&quot;, &quot;Optional[Testing Google search functionality]&quot;](2)" classname="org03.runner.TestRunner" time="7.751">
    <system-out><![CDATA[I am in onTestSuccess method runScenario succeed
I am in onTestStart method runScenario start

Scenario Outline: Searching Manual Interview Question in google                           # src/test/resources/features/GoogleSearch.feature:19
  Given User is on google search page                                                     # org01.stepDefination.GoogleSearchStepDef.user_is_on_google_search_page()
  When User types Manual Interview Question in the search input field in google           # org01.stepDefination.GoogleSearchStepDef.searchRequiredText(java.lang.String)
  And user pressed enter button                                                           # org01.stepDefination.GoogleSearchStepDef.user_pressed_enter_button()
  Then User should to navigate search page with title Manual Interview Question on google # org01.stepDefination.GoogleSearchStepDef.validateResultPageTitle(java.lang.String)
  And Close the browser                                                                   # org01.stepDefination.GoogleSearchStepDef.close_the_browser()
]]></system-out>
    <system-err><![CDATA[Jan 12, 2025 5:18:25 PM org.openqa.selenium.devtools.CdpVersionFinder findNearestMatch
WARNING: Unable to find CDP implementation matching 131
Jan 12, 2025 5:18:25 PM org.openqa.selenium.chromium.ChromiumDriver lambda$new$5
WARNING: Unable to find version of CDP to use for 131.0.2903.112. You may need to include a dependency on a specific version of the CDP using something similar to `org.seleniumhq.selenium:selenium-devtools-v86:4.16.1` where the version ("v86") matches the version of the chromium-based browser you're using and the version number of the artifact is the same as Selenium's.
]]></system-err>
  </testcase>
  <testcase name="runScenario[&quot;Searching Api Interview Question in google&quot;, &quot;Optional[Testing Google search functionality]&quot;](3)" classname="org03.runner.TestRunner" time="7.914">
    <system-out><![CDATA[I am in onTestSuccess method runScenario succeed
I am in onTestStart method runScenario start

Scenario Outline: Searching Api Interview Question in google                           # src/test/resources/features/GoogleSearch.feature:20
  Given User is on google search page                                                  # org01.stepDefination.GoogleSearchStepDef.user_is_on_google_search_page()
  When User types Api Interview Question in the search input field in google           # org01.stepDefination.GoogleSearchStepDef.searchRequiredText(java.lang.String)
  And user pressed enter button                                                        # org01.stepDefination.GoogleSearchStepDef.user_pressed_enter_button()
  Then User should to navigate search page with title Api Interview Question on google # org01.stepDefination.GoogleSearchStepDef.validateResultPageTitle(java.lang.String)
  And Close the browser                                                                # org01.stepDefination.GoogleSearchStepDef.close_the_browser()
]]></system-out>
    <system-err><![CDATA[Jan 12, 2025 5:18:33 PM org.openqa.selenium.devtools.CdpVersionFinder findNearestMatch
WARNING: Unable to find CDP implementation matching 131
Jan 12, 2025 5:18:33 PM org.openqa.selenium.chromium.ChromiumDriver lambda$new$5
WARNING: Unable to find version of CDP to use for 131.0.2903.112. You may need to include a dependency on a specific version of the CDP using something similar to `org.seleniumhq.selenium:selenium-devtools-v86:4.16.1` where the version ("v86") matches the version of the chromium-based browser you're using and the version number of the artifact is the same as Selenium's.
]]></system-err>
  </testcase>
</testsuite>